[25/Feb/2021 17:38:13] "GET /api/v1/service/workflows/ HTTP/1.1" 200 553
[25/Feb/2021 17:38:18] "GET /api/v1/service/init_state/3/ HTTP/1.1" 200 1471
[25/Feb/2021 17:38:18] "GET /api/v1/account/users/fetch-users/ HTTP/1.1" 200 321
[25/Feb/2021 17:38:18] "GET /api/v1/service/ueditor/?action=config&&noCache=1614245896700 HTTP/1.1" 200 1984
[25/Feb/2021 17:39:18] "POST /api/v1/service/create_ticket/ HTTP/1.1" 200 42
[25/Feb/2021 17:39:18] "GET /api/v1/service/tickets/?category=owner HTTP/1.1" 200 1433
[25/Feb/2021 17:39:22] "GET /api/v1/service/tickets/8/ HTTP/1.1" 200 3578
[25/Feb/2021 17:39:22] "GET /api/v1/service/workflows/ HTTP/1.1" 200 553
[25/Feb/2021 17:39:22] "GET /api/v1/service/logs/8/ HTTP/1.1" 200 523
[25/Feb/2021 17:39:22] "GET /api/v1/account/users/fetch-users/ HTTP/1.1" 200 321
[25/Feb/2021 17:39:22] "GET /api/v1/service/steps/8/ HTTP/1.1" 200 708
[25/Feb/2021 17:39:22] "GET /api/v1/service/actions/8/ HTTP/1.1" 200 384
[25/Feb/2021 17:39:29] "GET /api/v1/service/workflows/ HTTP/1.1" 200 553
[25/Feb/2021 17:39:58] "POST /api/v1/account/obtain_token/ HTTP/1.1" 200 231
[25/Feb/2021 17:39:58] "GET /api/v1/service/workflows/ HTTP/1.1" 200 553
[25/Feb/2021 17:40:03] "GET /api/v1/service/init_state/3/ HTTP/1.1" 200 1471
[25/Feb/2021 17:40:03] "GET /api/v1/account/users/fetch-users/ HTTP/1.1" 200 321
[25/Feb/2021 17:40:03] "GET /api/v1/service/ueditor/?action=config&&noCache=1614246001315 HTTP/1.1" 200 1984
[25/Feb/2021 17:40:23] "POST /api/v1/service/create_ticket/ HTTP/1.1" 200 42
[25/Feb/2021 17:40:23] "GET /api/v1/service/tickets/?category=owner HTTP/1.1" 200 72
[25/Feb/2021 17:40:25] "GET /api/v1/service/tickets/?category=duty HTTP/1.1" 200 72
[25/Feb/2021 17:40:26] "GET /api/v1/service/tickets/?category=owner HTTP/1.1" 200 1447
[25/Feb/2021 17:40:52] "GET /api/v1/service/tickets/9/ HTTP/1.1" 200 3311
[25/Feb/2021 17:40:52] "GET /api/v1/service/workflows/ HTTP/1.1" 200 553
[25/Feb/2021 17:40:52] "GET /api/v1/service/logs/9/ HTTP/1.1" 200 524
[25/Feb/2021 17:40:52] "GET /api/v1/account/users/fetch-users/ HTTP/1.1" 200 321
[25/Feb/2021 17:40:52] "GET /api/v1/service/actions/9/ HTTP/1.1" 200 39
[25/Feb/2021 17:40:52] "GET /api/v1/service/steps/9/ HTTP/1.1" 200 709
[25/Feb/2021 17:41:06] "GET /api/v1/service/tickets/?category=duty HTTP/1.1" 200 72
[25/Feb/2021 17:41:13] "POST /api/v1/account/obtain_token/ HTTP/1.1" 200 224
[25/Feb/2021 17:41:14] "GET /api/v1/service/workflows/ HTTP/1.1" 200 553
[25/Feb/2021 17:41:17] "GET /api/v1/service/tickets/?category=duty HTTP/1.1" 200 1447
[25/Feb/2021 17:41:27] "GET /api/v1/service/tickets/9/ HTTP/1.1" 200 3600
[25/Feb/2021 17:41:27] "GET /api/v1/service/workflows/ HTTP/1.1" 200 553
[25/Feb/2021 17:41:27] "GET /api/v1/service/logs/9/ HTTP/1.1" 200 524
[25/Feb/2021 17:41:27] "GET /api/v1/account/users/fetch-users/ HTTP/1.1" 200 321
[25/Feb/2021 17:41:27] "GET /api/v1/service/actions/9/ HTTP/1.1" 200 384
[25/Feb/2021 17:41:27] "GET /api/v1/service/steps/9/ HTTP/1.1" 200 709
[25/Feb/2021 17:41:42] "PATCH /api/v1/service/tickets/9/ HTTP/1.1" 200 41
[25/Feb/2021 17:41:42] "GET /api/v1/service/tickets/?category=duty HTTP/1.1" 200 72
[25/Feb/2021 17:41:44] "GET /api/v1/service/tickets/?category=relation HTTP/1.1" 200 1416
[25/Feb/2021 17:41:45] "GET /api/v1/service/tickets/9/ HTTP/1.1" 200 3279
[25/Feb/2021 17:41:45] "GET /api/v1/service/workflows/ HTTP/1.1" 200 553
[25/Feb/2021 17:41:45] "GET /api/v1/service/logs/9/ HTTP/1.1" 200 971
[25/Feb/2021 17:41:45] "GET /api/v1/account/users/fetch-users/ HTTP/1.1" 200 321
[25/Feb/2021 17:41:45] "GET /api/v1/service/steps/9/ HTTP/1.1" 200 1100
[25/Feb/2021 17:41:45] "GET /api/v1/service/actions/9/ HTTP/1.1" 200 39
